.minbox li:nth-child(1){
	background: url(https://i.ibb.co/7WVJC2v/01.png) no-repeat 0 0;
	-webkit-transform: translateZ(50px);
}

.minbox li:nth-child(2){
	background: url(https://i.ibb.co/7WVJC2v/01.png) no-repeat 0 0;
	-webkit-transform: rotateX(180deg) translateZ(50px) scaleY(-1) scaleX(-1);
}

.minbox li:nth-child(3){
	background: url(https://i.ibb.co/7WVJC2v/01.png) no-repeat 0 0;
	-webkit-transform: rotateX(-90deg) translateZ(50px);
}

.minbox li:nth-child(4){
	background: url(https://i.ibb.co/7WVJC2v/01.png) no-repeat 0 0;
	-webkit-transform: rotateX(90deg) translateZ(50px);
}

.minbox li:nth-child(5){
	background: url(https://i.ibb.co/7WVJC2v/01.png) no-repeat 0 0;
	-webkit-transform: rotateY(-90deg) translateZ(50px);
}

.minbox li:nth-child(6){
	background: url(https://i.ibb.co/7WVJC2v/01.png) no-repeat 0 0;
	-webkit-transform: rotateY(90deg) translateZ(50px);
}

.maxbox li:nth-child(1){
	background: url(https://i.ibb.co/wQSv3yb/02.png) no-repeat 0 0;
	-webkit-transform: translateZ(50px);
}

.maxbox li:nth-child(2){
	background: url(https://i.ibb.co/wQSv3yb/02.png) no-repeat 0 0;
	-webkit-transform: rotateX(180deg) translateZ(50px);
}

.maxbox li:nth-child(3){
	background: url(https://i.ibb.co/wQSv3yb/02.png) no-repeat 0 0;
	-webkit-transform: rotateX(-90deg) translateZ(50px);
}

.maxbox li:nth-child(4){
	background: url(https://i.ibb.co/wQSv3yb/02.png) no-repeat 0 0;
	-webkit-transform: rotateX(90deg) translateZ(50px);
}

.maxbox li:nth-child(5){
	background: url(https://i.ibb.co/wQSv3yb/02.png) no-repeat 0 0;
	-webkit-transform: rotateX(-90deg) translateZ(50px);
}

.maxbox li:nth-child(6){
	background: url(https://i.ibb.co/wQSv3yb/02.png) no-repeat 0 0;
	-webkit-transform: rotateX(90deg) translateZ(50px);
}